{
  "RSpec": {
    "coverage": {
      "/home/nancy/RubymineProjects/giftwiseproject-selt_2025_team_02/app/helpers/ai_suggestions_helper.rb": {
        "lines": [
          1,
          null
        ]
      },
      "/home/nancy/RubymineProjects/giftwiseproject-selt_2025_team_02/app/helpers/application_helper.rb": {
        "lines": [
          1,
          null,
          1,
          0,
          null,
          null,
          0,
          null,
          null,
          null,
          null,
          null,
          null,
          0,
          null,
          null,
          null,
          null,
          null,
          0,
          0,
          null,
          null,
          0,
          null,
          null
        ]
      },
      "/home/nancy/RubymineProjects/giftwiseproject-selt_2025_team_02/app/helpers/gift_lists_helper.rb": {
        "lines": [
          1,
          null
        ]
      },
      "/home/nancy/RubymineProjects/giftwiseproject-selt_2025_team_02/app/helpers/gifts_helper.rb": {
        "lines": [
          1,
          null,
          1,
          1,
          1,
          null,
          null,
          1,
          null,
          1,
          null,
          1,
          null,
          0,
          null,
          null,
          null
        ]
      },
      "/home/nancy/RubymineProjects/giftwiseproject-selt_2025_team_02/app/helpers/home_helper.rb": {
        "lines": [
          1,
          null
        ]
      },
      "/home/nancy/RubymineProjects/giftwiseproject-selt_2025_team_02/app/helpers/recipients_helper.rb": {
        "lines": [
          1,
          1,
          2,
          2,
          0,
          0,
          0,
          0,
          null,
          0,
          null,
          null,
          null
        ]
      },
      "/home/nancy/RubymineProjects/giftwiseproject-selt_2025_team_02/app/jobs/application_job.rb": {
        "lines": [
          1,
          null,
          null,
          null,
          null,
          null,
          null
        ]
      },
      "/home/nancy/RubymineProjects/giftwiseproject-selt_2025_team_02/app/mailers/application_mailer.rb": {
        "lines": [
          1,
          1,
          1,
          null
        ]
      },
      "/home/nancy/RubymineProjects/giftwiseproject-selt_2025_team_02/app/controllers/events_controller.rb": {
        "lines": [
          1,
          1,
          1,
          null,
          1,
          1,
          null,
          null,
          1,
          3,
          null,
          3,
          null,
          null,
          1,
          1,
          null,
          null,
          1,
          6,
          null,
          6,
          4,
          4,
          null,
          2,
          null,
          null,
          null,
          1,
          null,
          null,
          1,
          6,
          5,
          null,
          1,
          null,
          null,
          null,
          1,
          3,
          3,
          3,
          null,
          null,
          1,
          0,
          0,
          0,
          null,
          null,
          null,
          null,
          0,
          0,
          null,
          null,
          null,
          1,
          0,
          null,
          0,
          null,
          null,
          null,
          null,
          0,
          0,
          null,
          null,
          null,
          1,
          0,
          null,
          null,
          0,
          0,
          0,
          null,
          null,
          0,
          null,
          0,
          0,
          0,
          0,
          null,
          0,
          0,
          null,
          null,
          0,
          null,
          null,
          1,
          null,
          1,
          7,
          7,
          6,
          null,
          7,
          0,
          null,
          null,
          null,
          1,
          4,
          null,
          0,
          null,
          null,
          null,
          0,
          null,
          null,
          0,
          null,
          null,
          null,
          0,
          null,
          null,
          null,
          null,
          1,
          null,
          13,
          null,
          null,
          13,
          null,
          null,
          1,
          12,
          null,
          null
        ]
      },
      "/home/nancy/RubymineProjects/giftwiseproject-selt_2025_team_02/app/controllers/application_controller.rb": {
        "lines": [
          1,
          null,
          1,
          1,
          null,
          1,
          null,
          1,
          null,
          1,
          1,
          null,
          null,
          1,
          1,
          0,
          0,
          null,
          null,
          1,
          1,
          92,
          92,
          88,
          88,
          88,
          null,
          4,
          null,
          null,
          null,
          1,
          29,
          29,
          null,
          null,
          1,
          3,
          3,
          3,
          null,
          null,
          1,
          277,
          null,
          1,
          8,
          null,
          null,
          1,
          0,
          null,
          null
        ]
      },
      "/home/nancy/RubymineProjects/giftwiseproject-selt_2025_team_02/app/services/gift_offer_lookup_service.rb": {
        "lines": [
          null,
          1,
          1,
          null,
          1,
          7,
          null,
          null,
          1,
          9,
          null,
          7,
          7,
          null,
          7,
          7,
          null,
          7,
          6,
          null,
          null,
          null,
          null,
          1,
          null,
          1,
          null,
          7,
          5,
          null,
          null,
          2,
          2,
          null,
          null,
          1,
          null,
          null,
          null,
          null,
          1,
          2,
          2,
          null,
          2,
          null,
          null,
          null,
          null,
          null,
          null,
          null,
          null,
          2,
          null,
          1,
          1,
          null,
          null,
          1,
          null,
          3,
          null,
          null,
          null,
          null,
          null,
          null,
          null,
          null,
          1,
          3,
          3,
          null,
          1,
          5,
          null,
          null,
          null,
          1,
          2,
          null,
          null,
          0,
          0,
          null,
          null,
          null,
          1,
          1,
          1,
          null,
          null,
          null,
          null,
          1,
          null,
          6,
          null,
          null,
          null,
          null,
          null,
          null,
          null,
          null,
          null,
          null,
          null
        ]
      },
      "/home/nancy/RubymineProjects/giftwiseproject-selt_2025_team_02/app/controllers/recipients_controller.rb": {
        "lines": [
          1,
          1,
          1,
          null,
          null,
          1,
          2,
          2,
          2,
          null,
          null,
          1,
          9,
          9,
          9,
          null,
          9,
          5,
          2,
          null,
          2,
          null,
          2,
          null,
          null,
          null,
          2,
          null,
          null,
          null,
          2,
          null,
          null,
          null,
          2,
          null,
          null,
          null,
          2,
          null,
          null,
          3,
          3,
          null,
          null,
          4,
          null,
          null,
          null,
          1,
          0,
          null,
          null,
          1,
          4,
          4,
          3,
          3,
          null,
          1,
          null,
          null,
          null,
          1,
          2,
          2,
          null,
          2,
          2,
          1,
          null,
          2,
          null,
          null,
          2,
          null,
          null,
          1,
          2,
          null,
          null,
          null,
          null,
          1,
          0,
          null,
          0,
          null,
          0,
          0,
          0,
          0,
          0,
          0,
          0,
          null,
          0,
          null,
          null,
          0,
          0,
          0,
          null,
          0,
          0,
          0,
          null,
          null,
          null,
          1,
          0,
          null,
          0,
          0,
          0,
          0,
          null,
          null,
          0,
          0,
          0,
          0,
          null,
          null,
          0,
          0,
          null,
          null,
          0,
          0,
          0,
          null,
          0,
          null,
          null,
          0,
          null,
          null,
          null,
          null,
          null,
          null,
          0,
          null,
          0,
          null,
          null,
          null,
          null,
          null,
          0,
          null,
          null,
          null,
          0,
          null,
          null,
          0,
          0,
          null,
          0,
          0,
          null,
          null,
          0,
          null,
          null,
          null,
          1,
          0,
          0,
          0,
          null,
          null,
          null,
          null,
          null,
          null,
          null,
          0,
          null,
          null,
          null,
          0,
          null,
          null,
          0,
          null,
          null,
          1,
          3,
          3,
          3,
          3,
          null,
          null,
          1,
          null,
          1,
          13,
          null,
          null,
          1,
          2,
          null,
          2,
          null,
          null
        ]
      },
      "/home/nancy/RubymineProjects/giftwiseproject-selt_2025_team_02/app/controllers/sessions_controller.rb": {
        "lines": [
          1,
          1,
          1,
          5,
          null,
          null,
          1,
          2,
          2,
          1,
          1,
          null,
          1,
          1,
          null,
          null,
          null,
          1,
          null,
          0,
          0,
          0,
          null,
          0,
          null,
          null,
          0,
          null,
          0,
          0,
          null,
          null,
          null,
          null,
          0,
          0,
          0,
          null,
          null,
          null,
          0,
          0,
          null,
          1,
          1,
          1,
          1,
          null,
          null
        ]
      },
      "/home/nancy/RubymineProjects/giftwiseproject-selt_2025_team_02/app/controllers/users_controller.rb": {
        "lines": [
          1,
          1,
          null,
          1,
          1,
          null,
          null,
          1,
          2,
          2,
          1,
          1,
          null,
          1,
          1,
          null,
          null,
          null,
          1,
          2,
          2,
          1,
          1,
          null,
          null,
          null,
          1,
          2,
          2,
          1,
          1,
          null,
          null,
          null,
          1,
          4,
          4,
          1,
          1,
          1,
          null,
          3,
          2,
          null,
          1,
          null,
          null,
          null,
          1,
          1,
          2,
          null,
          null,
          1,
          3,
          null,
          null
        ]
      },
      "/home/nancy/RubymineProjects/giftwiseproject-selt_2025_team_02/app/models/event_recipient_budget.rb": {
        "lines": [
          1,
          1,
          1,
          null,
          null,
          1,
          null,
          1,
          1,
          null
        ]
      },
      "/home/nancy/RubymineProjects/giftwiseproject-selt_2025_team_02/app/models/application_record.rb": {
        "lines": [
          1,
          1,
          null
        ]
      },
      "/home/nancy/RubymineProjects/giftwiseproject-selt_2025_team_02/app/models/event_recipient.rb": {
        "lines": [
          1,
          1,
          1,
          null,
          1,
          null,
          1,
          3,
          null,
          1,
          0,
          null,
          0,
          0,
          null,
          0,
          null,
          null,
          1,
          0,
          null,
          0,
          null,
          null,
          null,
          null,
          null
        ]
      },
      "/home/nancy/RubymineProjects/giftwiseproject-selt_2025_team_02/app/models/event.rb": {
        "lines": [
          1,
          1,
          null,
          1,
          1,
          null,
          1,
          null,
          1,
          1,
          1,
          1,
          1,
          null,
          1,
          1,
          1,
          null,
          1,
          0,
          null,
          null,
          1,
          0,
          null,
          null,
          1,
          null,
          1,
          114,
          114,
          null,
          50,
          4,
          null,
          null,
          null,
          1,
          114,
          null,
          111,
          19,
          null,
          null,
          null,
          1,
          114,
          null,
          111,
          111,
          2,
          null,
          null,
          null
        ]
      },
      "/home/nancy/RubymineProjects/giftwiseproject-selt_2025_team_02/app/models/gift_list.rb": {
        "lines": [
          1,
          1,
          1,
          1,
          1,
          1,
          null,
          1,
          null
        ]
      },
      "/home/nancy/RubymineProjects/giftwiseproject-selt_2025_team_02/app/models/gift_offer.rb": {
        "lines": [
          1,
          1,
          null,
          1,
          1,
          null,
          null,
          null,
          1,
          null,
          1,
          null,
          null,
          1,
          null,
          1,
          null,
          null,
          null,
          null,
          null,
          null
        ]
      },
      "/home/nancy/RubymineProjects/giftwiseproject-selt_2025_team_02/app/models/gift.rb": {
        "lines": [
          1,
          1,
          1,
          1,
          1,
          null,
          1,
          null,
          1,
          null,
          null,
          null,
          null,
          null,
          null,
          null,
          null
        ]
      },
      "/home/nancy/RubymineProjects/giftwiseproject-selt_2025_team_02/app/models/recipient.rb": {
        "lines": [
          1,
          1,
          1,
          1,
          1,
          null,
          null,
          1,
          null,
          null,
          null,
          null,
          null,
          null,
          null,
          null,
          null,
          null,
          null,
          null,
          null,
          null,
          1,
          null,
          1,
          0,
          null,
          null,
          1,
          109,
          null,
          null,
          1,
          1,
          1,
          1,
          null,
          1,
          1,
          1,
          null,
          1,
          1,
          1,
          null,
          1,
          1,
          null,
          1,
          0,
          null,
          null,
          1,
          0,
          null,
          null,
          null,
          null,
          null,
          null,
          null,
          null,
          null,
          null,
          1,
          3,
          null,
          null,
          null,
          null,
          null,
          null,
          null,
          1,
          null,
          1,
          108,
          5,
          null,
          null,
          null,
          1,
          108,
          53,
          1,
          1,
          null,
          null,
          52,
          1,
          null,
          null,
          null,
          1,
          108,
          0,
          null,
          0,
          0,
          null,
          0,
          0,
          0,
          null,
          null,
          1,
          null,
          100,
          50,
          50,
          50,
          50,
          null,
          null,
          50,
          50,
          null,
          50,
          50,
          50,
          50,
          null,
          null,
          1,
          0,
          0,
          null,
          null,
          1,
          87,
          null,
          null,
          null,
          1,
          null,
          null,
          null,
          null,
          null,
          null,
          null,
          1,
          null,
          null,
          null,
          null
        ]
      },
      "/home/nancy/RubymineProjects/giftwiseproject-selt_2025_team_02/app/models/user.rb": {
        "lines": [
          1,
          null,
          null,
          null,
          1,
          null,
          1,
          null,
          1,
          1,
          1,
          1,
          1,
          null,
          178,
          1,
          null,
          1,
          1,
          1,
          null,
          null,
          null,
          1,
          null,
          1,
          567,
          null,
          1,
          11,
          11,
          11,
          null,
          1,
          0,
          0,
          null,
          0,
          0,
          null,
          null,
          1,
          0,
          0,
          null,
          null,
          1,
          null,
          0,
          null,
          1,
          1,
          174,
          null,
          1,
          185,
          185,
          185,
          null,
          null,
          null
        ]
      },
      "/home/nancy/RubymineProjects/giftwiseproject-selt_2025_team_02/app/ai_services/ai_gift_service.rb": {
        "lines": [
          1,
          1,
          1,
          null,
          null,
          1,
          null,
          null,
          null,
          null,
          null,
          null,
          null,
          null,
          null,
          null,
          null,
          null,
          null,
          null,
          null,
          null,
          null,
          null,
          null,
          null,
          null,
          1,
          null,
          1,
          null,
          null,
          1,
          1,
          1,
          1,
          null,
          0,
          null,
          null,
          null,
          1,
          null,
          1,
          null,
          null,
          null,
          null,
          null,
          null,
          null,
          1,
          44,
          null,
          null,
          null,
          1,
          0,
          null,
          null,
          null,
          null,
          0,
          null,
          null,
          1,
          null,
          1,
          1,
          0,
          null,
          null,
          null,
          null,
          1,
          null,
          null,
          1,
          null,
          1,
          1,
          1,
          0,
          null,
          null,
          1,
          null,
          null,
          1,
          null,
          null,
          null,
          null,
          null,
          null,
          null,
          null,
          null,
          null,
          null,
          null,
          null,
          null,
          null,
          null,
          1,
          null,
          null,
          null,
          null,
          null,
          1,
          null,
          null,
          1,
          1,
          null,
          0,
          null,
          null,
          null,
          null,
          null,
          null,
          1,
          0,
          null,
          0,
          null,
          null
        ]
      },
      "/home/nancy/RubymineProjects/giftwiseproject-selt_2025_team_02/app/controllers/event_recipient_budgets_controller.rb": {
        "lines": [
          1,
          1,
          1,
          null,
          1,
          2,
          null,
          2,
          1,
          null,
          1,
          1,
          null,
          1,
          null,
          null,
          null,
          null,
          1,
          1,
          1,
          1,
          null,
          0,
          null,
          null,
          1,
          null,
          null,
          1,
          1,
          1,
          1,
          null,
          null,
          null,
          1,
          null,
          null,
          1,
          null,
          null,
          1,
          1,
          null,
          null,
          null,
          null,
          null,
          1,
          4,
          null,
          null,
          4,
          null,
          4,
          null,
          4,
          2,
          null,
          null,
          2,
          2,
          null,
          null,
          null,
          null,
          1,
          1,
          1,
          null,
          1,
          1,
          null,
          null,
          null,
          1,
          3,
          2,
          null,
          null,
          null,
          null,
          1,
          1,
          null,
          null,
          null,
          1,
          2,
          2,
          2,
          null,
          null,
          1,
          null,
          1,
          7,
          null,
          7,
          1,
          null,
          null,
          0,
          null,
          null,
          null,
          1,
          9,
          9,
          null,
          null,
          1,
          7,
          null,
          null,
          1,
          null,
          4,
          null,
          null,
          null,
          4,
          null,
          null,
          4,
          4,
          null,
          4,
          4,
          null,
          4,
          null,
          null
        ]
      },
      "/home/nancy/RubymineProjects/giftwiseproject-selt_2025_team_02/app/models/recipient_proxy.rb": {
        "lines": [
          null,
          1,
          1,
          3,
          null,
          null,
          1,
          15,
          15,
          2,
          null,
          null,
          1,
          0,
          null,
          null,
          null,
          1,
          0,
          null,
          null,
          1,
          0,
          null,
          null
        ]
      },
      "/home/nancy/RubymineProjects/giftwiseproject-selt_2025_team_02/app/controllers/event_recipients_controller.rb": {
        "lines": [
          1,
          1,
          4,
          3,
          null,
          null
        ]
      },
      "/home/nancy/RubymineProjects/giftwiseproject-selt_2025_team_02/app/models/event_user.rb": {
        "lines": [
          1,
          1,
          1,
          null
        ]
      },
      "/home/nancy/RubymineProjects/giftwiseproject-selt_2025_team_02/app/controllers/gift_offers_controller.rb": {
        "lines": [
          1,
          1,
          null,
          1,
          1,
          null,
          null,
          1,
          4,
          null,
          4,
          2,
          null,
          null,
          2,
          2,
          null,
          null,
          null,
          1,
          null,
          1,
          null,
          6,
          5,
          5,
          null,
          null,
          1,
          4,
          null,
          null
        ]
      },
      "/home/nancy/RubymineProjects/giftwiseproject-selt_2025_team_02/app/controllers/gifts_controller.rb": {
        "lines": [
          1,
          1,
          1,
          1,
          null,
          1,
          0,
          null,
          null,
          1,
          null,
          1,
          null,
          null,
          1,
          1,
          null,
          null,
          1,
          null,
          null,
          1,
          null,
          1,
          null,
          null,
          null,
          1,
          1,
          null,
          1,
          1,
          2,
          null,
          null,
          0,
          0,
          0,
          null,
          null,
          null,
          null,
          1,
          4,
          4,
          2,
          0,
          null,
          null,
          2,
          null,
          null,
          null,
          2,
          null,
          null,
          null,
          1,
          null,
          null,
          0,
          null,
          0,
          null,
          null,
          0,
          null,
          0,
          null,
          null,
          null,
          1,
          null,
          null,
          1,
          7,
          7,
          null,
          1,
          0,
          0,
          0,
          null,
          1,
          5,
          null,
          null
        ]
      },
      "/home/nancy/RubymineProjects/giftwiseproject-selt_2025_team_02/app/controllers/gift_lists_controller.rb": {
        "lines": [
          1,
          null,
          1,
          null,
          null,
          1,
          0,
          null,
          1,
          1,
          null,
          1,
          null,
          null,
          1,
          4,
          4,
          2,
          null,
          2,
          null,
          2,
          null,
          null,
          null,
          null,
          null,
          null,
          null,
          1,
          4,
          null,
          null
        ]
      },
      "/home/nancy/RubymineProjects/giftwiseproject-selt_2025_team_02/app/controllers/event_user_controller.rb": {
        "lines": [
          0,
          0
        ],
        "branches": {}
      },
      "/home/nancy/RubymineProjects/giftwiseproject-selt_2025_team_02/app/controllers/home_controller.rb": {
        "lines": [
          0,
          0,
          0,
          0,
          0,
          0,
          0,
          null,
          0,
          null,
          null,
          0,
          0,
          0,
          0,
          0,
          0,
          0,
          0,
          0,
          0,
          0,
          0
        ],
        "branches": {}
      }
    },
    "timestamp": 1765776936
  }
}
